Copyright 1986-2022 Xilinx, Inc. All Rights Reserved. Copyright 2022-2023 Advanced Micro Devices, Inc. All Rights Reserved.
---------------------------------------------------------------------------------------------------------------------------------------------
| Tool Version : Vivado v.2023.1 (win64) Build 3865809 Sun May  7 15:05:29 MDT 2023
| Date         : Tue Apr 28 11:37:53 2026
| Host         : R_Laptop running 64-bit major release  (build 9200)
| Command      : report_control_sets -verbose -file digital_lock_bd_rf_wrapper_control_sets_placed.rpt
| Design       : digital_lock_bd_rf_wrapper
| Device       : xc7z010
---------------------------------------------------------------------------------------------------------------------------------------------

Control Set Information

Table of Contents
-----------------
1. Summary
2. Histogram
3. Flip-Flop Distribution
4. Detailed Control Set Information

1. Summary
----------

+----------------------------------------------------------+-------+
|                          Status                          | Count |
+----------------------------------------------------------+-------+
| Total control sets                                       |    86 |
|    Minimum number of control sets                        |    86 |
|    Addition due to synthesis replication                 |     0 |
|    Addition due to physical synthesis replication        |     0 |
| Unused register locations in slices containing registers |   115 |
+----------------------------------------------------------+-------+
* Control sets can be merged at opt_design using control_set_merge or merge_equivalent_drivers
** Run report_qor_suggestions for automated merging and remapping suggestions


2. Histogram
------------

+--------------------+-------+
|       Fanout       | Count |
+--------------------+-------+
| Total control sets |    86 |
| >= 0 to < 4        |     2 |
| >= 4 to < 6        |     8 |
| >= 6 to < 8        |     1 |
| >= 8 to < 10       |    51 |
| >= 10 to < 12      |     3 |
| >= 12 to < 14      |     2 |
| >= 14 to < 16      |     2 |
| >= 16              |    17 |
+--------------------+-------+
* Control sets can be remapped at either synth_design or opt_design


3. Flip-Flop Distribution
-------------------------

+--------------+-----------------------+------------------------+-----------------+--------------+
| Clock Enable | Synchronous Set/Reset | Asynchronous Set/Reset | Total Registers | Total Slices |
+--------------+-----------------------+------------------------+-----------------+--------------+
| No           | No                    | No                     |             114 |           35 |
| No           | No                    | Yes                    |               0 |            0 |
| No           | Yes                   | No                     |             164 |           50 |
| Yes          | No                    | No                     |             299 |           76 |
| Yes          | No                    | Yes                    |               0 |            0 |
| Yes          | Yes                   | No                     |             460 |          123 |
+--------------+-----------------------+------------------------+-----------------+--------------+


4. Detailed Control Set Information
-----------------------------------

+-----------------------------------------------------------+--------------------------------------------------------------------------------------------------------------------------------------------------------------------------+-----------------------------------------------------------------------------------------------------------------------------------------------------------------+------------------+----------------+--------------+
|                        Clock Signal                       |                                                                               Enable Signal                                                                              |                                                                         Set/Reset Signal                                                                        | Slice Load Count | Bel Load Count | Bels / Slice |
+-----------------------------------------------------------+--------------------------------------------------------------------------------------------------------------------------------------------------------------------------+-----------------------------------------------------------------------------------------------------------------------------------------------------------------+------------------+----------------+--------------+
|  digital_lock_bd_rf_i/processing_system7_0/inst/FCLK_CLK0 | digital_lock_bd_rf_i/ps7_0_axi_periph/s00_couplers/auto_pc/inst/gen_axilite.gen_b2s_conv.axilite_b2s/WR.aw_channel_0/aw_cmd_fsm_0/FSM_sequential_state_reg[0]_1          | digital_lock_bd_rf_i/ps7_0_axi_periph/s00_couplers/auto_pc/inst/gen_axilite.gen_b2s_conv.axilite_b2s/WR.aw_channel_0/aw_cmd_fsm_0/FSM_sequential_state_reg[0]_0 |                1 |              1 |         1.00 |
|  digital_lock_bd_rf_i/processing_system7_0/inst/FCLK_CLK0 | digital_lock_bd_rf_i/ps7_0_axi_periph/s00_couplers/auto_pc/inst/gen_axilite.gen_b2s_conv.axilite_b2s/WR.b_channel_0/bid_fifo_0/sel                                       |                                                                                                                                                                 |                1 |              2 |         2.00 |
|  digital_lock_bd_rf_i/processing_system7_0/inst/FCLK_CLK0 |                                                                                                                                                                          | digital_lock_bd_rf_i/ps7_0_axi_periph/s00_couplers/auto_pc/inst/gen_axilite.gen_b2s_conv.axilite_b2s/SI_REG/ar.ar_pipe/aresetn_d_reg[1]_inv_0                   |                3 |              4 |         1.33 |
|  digital_lock_bd_rf_i/processing_system7_0/inst/FCLK_CLK0 |                                                                                                                                                                          | digital_lock_bd_rf_i/rst_ps7_0_50M/U0/EXT_LPF/lpf_int                                                                                                           |                2 |              4 |         2.00 |
|  digital_lock_bd_rf_i/processing_system7_0/inst/FCLK_CLK0 | digital_lock_bd_rf_i/ps7_0_axi_periph/s00_couplers/auto_pc/inst/gen_axilite.gen_b2s_conv.axilite_b2s/RD.ar_channel_0/ar_cmd_fsm_0/m_axi_arready_2                        | digital_lock_bd_rf_i/ps7_0_axi_periph/s00_couplers/auto_pc/inst/gen_axilite.gen_b2s_conv.axilite_b2s/RD.ar_channel_0/ar_cmd_fsm_0/FSM_sequential_state_reg[1]_0 |                2 |              4 |         2.00 |
|  digital_lock_bd_rf_i/processing_system7_0/inst/FCLK_CLK0 | digital_lock_bd_rf_i/digital_lock_0/inst/digital_lock_v1_0_S00_AXI_inst/axi_awready0                                                                                     | digital_lock_bd_rf_i/digital_lock_0/inst/digital_lock_v1_0_S00_AXI_inst/digital_lock_inst/p_0_in_0                                                              |                1 |              4 |         4.00 |
|  digital_lock_bd_rf_i/processing_system7_0/inst/FCLK_CLK0 |                                                                                                                                                                          | digital_lock_bd_rf_i/ps7_0_axi_periph/s00_couplers/auto_pc/inst/gen_axilite.gen_b2s_conv.axilite_b2s/SI_REG/aw.aw_pipe/aresetn_d_reg[0]_0                       |                3 |              4 |         1.33 |
|  digital_lock_bd_rf_i/processing_system7_0/inst/FCLK_CLK0 | digital_lock_bd_rf_i/digital_lock_0/inst/digital_lock_v1_0_S00_AXI_inst/axi_arready0                                                                                     | digital_lock_bd_rf_i/digital_lock_0/inst/digital_lock_v1_0_S00_AXI_inst/digital_lock_inst/p_0_in_0                                                              |                1 |              4 |         4.00 |
|  digital_lock_bd_rf_i/processing_system7_0/inst/FCLK_CLK0 | digital_lock_bd_rf_i/ps7_0_axi_periph/s00_couplers/auto_pc/inst/gen_axilite.gen_b2s_conv.axilite_b2s/RD.r_channel_0/transaction_fifo_0/cnt_read[4]_i_1_n_0               | digital_lock_bd_rf_i/ps7_0_axi_periph/s00_couplers/auto_pc/inst/gen_axilite.gen_b2s_conv.axilite_b2s/areset_d1                                                  |                2 |              5 |         2.50 |
|  digital_lock_bd_rf_i/processing_system7_0/inst/FCLK_CLK0 | digital_lock_bd_rf_i/ps7_0_axi_periph/s00_couplers/auto_pc/inst/gen_axilite.gen_b2s_conv.axilite_b2s/RD.r_channel_0/rd_data_fifo_0/cnt_read[4]_i_1__0_n_0                | digital_lock_bd_rf_i/ps7_0_axi_periph/s00_couplers/auto_pc/inst/gen_axilite.gen_b2s_conv.axilite_b2s/areset_d1                                                  |                1 |              5 |         5.00 |
|  digital_lock_bd_rf_i/processing_system7_0/inst/FCLK_CLK0 | digital_lock_bd_rf_i/rst_ps7_0_50M/U0/SEQ/seq_cnt_en                                                                                                                     | digital_lock_bd_rf_i/rst_ps7_0_50M/U0/SEQ/SEQ_COUNTER/clear                                                                                                     |                1 |              6 |         6.00 |
|  digital_lock_bd_rf_i/processing_system7_0/inst/FCLK_CLK0 | digital_lock_bd_rf_i/digital_lock_0/inst/digital_lock_v1_0_S00_AXI_inst/slv_reg7[23]_i_1_n_0                                                                             | digital_lock_bd_rf_i/digital_lock_0/inst/digital_lock_v1_0_S00_AXI_inst/digital_lock_inst/p_0_in_0                                                              |                2 |              8 |         4.00 |
|  digital_lock_bd_rf_i/processing_system7_0/inst/FCLK_CLK0 | digital_lock_bd_rf_i/digital_lock_0/inst/digital_lock_v1_0_S00_AXI_inst/slv_reg5[15]_i_1_n_0                                                                             | digital_lock_bd_rf_i/digital_lock_0/inst/digital_lock_v1_0_S00_AXI_inst/digital_lock_inst/p_0_in_0                                                              |                1 |              8 |         8.00 |
|  digital_lock_bd_rf_i/processing_system7_0/inst/FCLK_CLK0 | digital_lock_bd_rf_i/digital_lock_0/inst/digital_lock_v1_0_S00_AXI_inst/slv_reg6[15]_i_1_n_0                                                                             | digital_lock_bd_rf_i/digital_lock_0/inst/digital_lock_v1_0_S00_AXI_inst/digital_lock_inst/p_0_in_0                                                              |                1 |              8 |         8.00 |
|  digital_lock_bd_rf_i/processing_system7_0/inst/FCLK_CLK0 | digital_lock_bd_rf_i/digital_lock_0/inst/digital_lock_v1_0_S00_AXI_inst/slv_reg6[23]_i_1_n_0                                                                             | digital_lock_bd_rf_i/digital_lock_0/inst/digital_lock_v1_0_S00_AXI_inst/digital_lock_inst/p_0_in_0                                                              |                1 |              8 |         8.00 |
|  digital_lock_bd_rf_i/processing_system7_0/inst/FCLK_CLK0 | digital_lock_bd_rf_i/digital_lock_0/inst/digital_lock_v1_0_S00_AXI_inst/slv_reg7[7]_i_1_n_0                                                                              | digital_lock_bd_rf_i/digital_lock_0/inst/digital_lock_v1_0_S00_AXI_inst/digital_lock_inst/p_0_in_0                                                              |                1 |              8 |         8.00 |
|  digital_lock_bd_rf_i/processing_system7_0/inst/FCLK_CLK0 | digital_lock_bd_rf_i/digital_lock_0/inst/digital_lock_v1_0_S00_AXI_inst/slv_reg7[15]_i_1_n_0                                                                             | digital_lock_bd_rf_i/digital_lock_0/inst/digital_lock_v1_0_S00_AXI_inst/digital_lock_inst/p_0_in_0                                                              |                2 |              8 |         4.00 |
|  digital_lock_bd_rf_i/processing_system7_0/inst/FCLK_CLK0 | digital_lock_bd_rf_i/digital_lock_0/inst/digital_lock_v1_0_S00_AXI_inst/slv_reg6[7]_i_1_n_0                                                                              | digital_lock_bd_rf_i/digital_lock_0/inst/digital_lock_v1_0_S00_AXI_inst/digital_lock_inst/p_0_in_0                                                              |                3 |              8 |         2.67 |
|  digital_lock_bd_rf_i/processing_system7_0/inst/FCLK_CLK0 | digital_lock_bd_rf_i/digital_lock_0/inst/digital_lock_v1_0_S00_AXI_inst/slv_reg5[31]_i_1_n_0                                                                             | digital_lock_bd_rf_i/digital_lock_0/inst/digital_lock_v1_0_S00_AXI_inst/digital_lock_inst/p_0_in_0                                                              |                2 |              8 |         4.00 |
|  digital_lock_bd_rf_i/processing_system7_0/inst/FCLK_CLK0 | digital_lock_bd_rf_i/ps7_0_axi_periph/s00_couplers/auto_pc/inst/gen_axilite.gen_b2s_conv.axilite_b2s/RD.ar_channel_0/ar_cmd_fsm_0/E[0]                                   |                                                                                                                                                                 |                3 |              8 |         2.67 |
|  digital_lock_bd_rf_i/processing_system7_0/inst/FCLK_CLK0 | digital_lock_bd_rf_i/ps7_0_axi_periph/s00_couplers/auto_pc/inst/gen_axilite.gen_b2s_conv.axilite_b2s/RD.ar_channel_0/ar_cmd_fsm_0/sel_first_reg[0]                       |                                                                                                                                                                 |                1 |              8 |         8.00 |
|  digital_lock_bd_rf_i/processing_system7_0/inst/FCLK_CLK0 | digital_lock_bd_rf_i/ps7_0_axi_periph/s00_couplers/auto_pc/inst/gen_axilite.gen_b2s_conv.axilite_b2s/WR.aw_channel_0/aw_cmd_fsm_0/m_valid_i_reg[0]                       |                                                                                                                                                                 |                4 |              8 |         2.00 |
|  digital_lock_bd_rf_i/processing_system7_0/inst/FCLK_CLK0 | digital_lock_bd_rf_i/ps7_0_axi_periph/s00_couplers/auto_pc/inst/gen_axilite.gen_b2s_conv.axilite_b2s/WR.aw_channel_0/cmd_translator_0/incr_cmd_0/axaddr_incr[11]_i_1_n_0 |                                                                                                                                                                 |                2 |              8 |         4.00 |
|  digital_lock_bd_rf_i/processing_system7_0/inst/FCLK_CLK0 | digital_lock_bd_rf_i/ps7_0_axi_periph/s00_couplers/auto_pc/inst/gen_axilite.gen_b2s_conv.axilite_b2s/WR.b_channel_0/mhandshake_r                                         | digital_lock_bd_rf_i/ps7_0_axi_periph/s00_couplers/auto_pc/inst/gen_axilite.gen_b2s_conv.axilite_b2s/WR.b_channel_0/bid_fifo_0/SR[0]                            |                3 |              8 |         2.67 |
|  digital_lock_bd_rf_i/processing_system7_0/inst/FCLK_CLK0 | digital_lock_bd_rf_i/digital_lock_0/inst/digital_lock_v1_0_S00_AXI_inst/slv_reg11[15]_i_1_n_0                                                                            | digital_lock_bd_rf_i/digital_lock_0/inst/digital_lock_v1_0_S00_AXI_inst/digital_lock_inst/p_0_in_0                                                              |                2 |              8 |         4.00 |
|  digital_lock_bd_rf_i/processing_system7_0/inst/FCLK_CLK0 | digital_lock_bd_rf_i/digital_lock_0/inst/digital_lock_v1_0_S00_AXI_inst/slv_reg12[23]_i_1_n_0                                                                            | digital_lock_bd_rf_i/digital_lock_0/inst/digital_lock_v1_0_S00_AXI_inst/digital_lock_inst/p_0_in_0                                                              |                1 |              8 |         8.00 |
|  digital_lock_bd_rf_i/processing_system7_0/inst/FCLK_CLK0 | digital_lock_bd_rf_i/digital_lock_0/inst/digital_lock_v1_0_S00_AXI_inst/slv_reg15[15]_i_1_n_0                                                                            | digital_lock_bd_rf_i/digital_lock_0/inst/digital_lock_v1_0_S00_AXI_inst/digital_lock_inst/p_0_in_0                                                              |                2 |              8 |         4.00 |
|  digital_lock_bd_rf_i/processing_system7_0/inst/FCLK_CLK0 | digital_lock_bd_rf_i/digital_lock_0/inst/digital_lock_v1_0_S00_AXI_inst/slv_reg15[23]_i_1_n_0                                                                            | digital_lock_bd_rf_i/digital_lock_0/inst/digital_lock_v1_0_S00_AXI_inst/digital_lock_inst/p_0_in_0                                                              |                2 |              8 |         4.00 |
|  digital_lock_bd_rf_i/processing_system7_0/inst/FCLK_CLK0 | digital_lock_bd_rf_i/digital_lock_0/inst/digital_lock_v1_0_S00_AXI_inst/slv_reg15[31]_i_1_n_0                                                                            | digital_lock_bd_rf_i/digital_lock_0/inst/digital_lock_v1_0_S00_AXI_inst/digital_lock_inst/p_0_in_0                                                              |                2 |              8 |         4.00 |
|  digital_lock_bd_rf_i/processing_system7_0/inst/FCLK_CLK0 | digital_lock_bd_rf_i/digital_lock_0/inst/digital_lock_v1_0_S00_AXI_inst/slv_reg13[15]_i_1_n_0                                                                            | digital_lock_bd_rf_i/digital_lock_0/inst/digital_lock_v1_0_S00_AXI_inst/digital_lock_inst/p_0_in_0                                                              |                3 |              8 |         2.67 |
|  digital_lock_bd_rf_i/processing_system7_0/inst/FCLK_CLK0 | digital_lock_bd_rf_i/digital_lock_0/inst/digital_lock_v1_0_S00_AXI_inst/slv_reg13[23]_i_1_n_0                                                                            | digital_lock_bd_rf_i/digital_lock_0/inst/digital_lock_v1_0_S00_AXI_inst/digital_lock_inst/p_0_in_0                                                              |                3 |              8 |         2.67 |
|  digital_lock_bd_rf_i/processing_system7_0/inst/FCLK_CLK0 | digital_lock_bd_rf_i/digital_lock_0/inst/digital_lock_v1_0_S00_AXI_inst/slv_reg14[31]_i_1_n_0                                                                            | digital_lock_bd_rf_i/digital_lock_0/inst/digital_lock_v1_0_S00_AXI_inst/digital_lock_inst/p_0_in_0                                                              |                2 |              8 |         4.00 |
|  digital_lock_bd_rf_i/processing_system7_0/inst/FCLK_CLK0 | digital_lock_bd_rf_i/digital_lock_0/inst/digital_lock_v1_0_S00_AXI_inst/slv_reg10[7]_i_1_n_0                                                                             | digital_lock_bd_rf_i/digital_lock_0/inst/digital_lock_v1_0_S00_AXI_inst/digital_lock_inst/p_0_in_0                                                              |                1 |              8 |         8.00 |
|  digital_lock_bd_rf_i/processing_system7_0/inst/FCLK_CLK0 | digital_lock_bd_rf_i/digital_lock_0/inst/digital_lock_v1_0_S00_AXI_inst/slv_reg11[23]_i_1_n_0                                                                            | digital_lock_bd_rf_i/digital_lock_0/inst/digital_lock_v1_0_S00_AXI_inst/digital_lock_inst/p_0_in_0                                                              |                1 |              8 |         8.00 |
|  digital_lock_bd_rf_i/processing_system7_0/inst/FCLK_CLK0 | digital_lock_bd_rf_i/digital_lock_0/inst/digital_lock_v1_0_S00_AXI_inst/slv_reg14[15]_i_1_n_0                                                                            | digital_lock_bd_rf_i/digital_lock_0/inst/digital_lock_v1_0_S00_AXI_inst/digital_lock_inst/p_0_in_0                                                              |                1 |              8 |         8.00 |
|  digital_lock_bd_rf_i/processing_system7_0/inst/FCLK_CLK0 | digital_lock_bd_rf_i/digital_lock_0/inst/digital_lock_v1_0_S00_AXI_inst/slv_reg14[7]_i_1_n_0                                                                             | digital_lock_bd_rf_i/digital_lock_0/inst/digital_lock_v1_0_S00_AXI_inst/digital_lock_inst/p_0_in_0                                                              |                3 |              8 |         2.67 |
|  digital_lock_bd_rf_i/processing_system7_0/inst/FCLK_CLK0 | digital_lock_bd_rf_i/digital_lock_0/inst/digital_lock_v1_0_S00_AXI_inst/slv_reg10[23]_i_1_n_0                                                                            | digital_lock_bd_rf_i/digital_lock_0/inst/digital_lock_v1_0_S00_AXI_inst/digital_lock_inst/p_0_in_0                                                              |                1 |              8 |         8.00 |
|  digital_lock_bd_rf_i/processing_system7_0/inst/FCLK_CLK0 | digital_lock_bd_rf_i/digital_lock_0/inst/digital_lock_v1_0_S00_AXI_inst/slv_reg15[7]_i_1_n_0                                                                             | digital_lock_bd_rf_i/digital_lock_0/inst/digital_lock_v1_0_S00_AXI_inst/digital_lock_inst/p_0_in_0                                                              |                2 |              8 |         4.00 |
|  digital_lock_bd_rf_i/processing_system7_0/inst/FCLK_CLK0 | digital_lock_bd_rf_i/digital_lock_0/inst/digital_lock_v1_0_S00_AXI_inst/slv_reg4[15]_i_1_n_0                                                                             | digital_lock_bd_rf_i/digital_lock_0/inst/digital_lock_v1_0_S00_AXI_inst/digital_lock_inst/p_0_in_0                                                              |                3 |              8 |         2.67 |
|  digital_lock_bd_rf_i/processing_system7_0/inst/FCLK_CLK0 | digital_lock_bd_rf_i/digital_lock_0/inst/digital_lock_v1_0_S00_AXI_inst/slv_reg4[23]_i_1_n_0                                                                             | digital_lock_bd_rf_i/digital_lock_0/inst/digital_lock_v1_0_S00_AXI_inst/digital_lock_inst/p_0_in_0                                                              |                3 |              8 |         2.67 |
|  digital_lock_bd_rf_i/processing_system7_0/inst/FCLK_CLK0 | digital_lock_bd_rf_i/digital_lock_0/inst/digital_lock_v1_0_S00_AXI_inst/slv_reg4[31]_i_1_n_0                                                                             | digital_lock_bd_rf_i/digital_lock_0/inst/digital_lock_v1_0_S00_AXI_inst/digital_lock_inst/p_0_in_0                                                              |                1 |              8 |         8.00 |
|  digital_lock_bd_rf_i/processing_system7_0/inst/FCLK_CLK0 | digital_lock_bd_rf_i/digital_lock_0/inst/digital_lock_v1_0_S00_AXI_inst/slv_reg11[31]_i_1_n_0                                                                            | digital_lock_bd_rf_i/digital_lock_0/inst/digital_lock_v1_0_S00_AXI_inst/digital_lock_inst/p_0_in_0                                                              |                1 |              8 |         8.00 |
|  digital_lock_bd_rf_i/processing_system7_0/inst/FCLK_CLK0 | digital_lock_bd_rf_i/digital_lock_0/inst/digital_lock_v1_0_S00_AXI_inst/slv_reg13[7]_i_1_n_0                                                                             | digital_lock_bd_rf_i/digital_lock_0/inst/digital_lock_v1_0_S00_AXI_inst/digital_lock_inst/p_0_in_0                                                              |                1 |              8 |         8.00 |
|  digital_lock_bd_rf_i/processing_system7_0/inst/FCLK_CLK0 | digital_lock_bd_rf_i/digital_lock_0/inst/digital_lock_v1_0_S00_AXI_inst/slv_reg14[23]_i_1_n_0                                                                            | digital_lock_bd_rf_i/digital_lock_0/inst/digital_lock_v1_0_S00_AXI_inst/digital_lock_inst/p_0_in_0                                                              |                2 |              8 |         4.00 |
|  digital_lock_bd_rf_i/processing_system7_0/inst/FCLK_CLK0 | digital_lock_bd_rf_i/digital_lock_0/inst/digital_lock_v1_0_S00_AXI_inst/slv_reg10[31]_i_1_n_0                                                                            | digital_lock_bd_rf_i/digital_lock_0/inst/digital_lock_v1_0_S00_AXI_inst/digital_lock_inst/p_0_in_0                                                              |                1 |              8 |         8.00 |
|  digital_lock_bd_rf_i/processing_system7_0/inst/FCLK_CLK0 | digital_lock_bd_rf_i/digital_lock_0/inst/digital_lock_v1_0_S00_AXI_inst/slv_reg12[15]_i_1_n_0                                                                            | digital_lock_bd_rf_i/digital_lock_0/inst/digital_lock_v1_0_S00_AXI_inst/digital_lock_inst/p_0_in_0                                                              |                1 |              8 |         8.00 |
|  digital_lock_bd_rf_i/processing_system7_0/inst/FCLK_CLK0 | digital_lock_bd_rf_i/digital_lock_0/inst/digital_lock_v1_0_S00_AXI_inst/slv_reg13[31]_i_1_n_0                                                                            | digital_lock_bd_rf_i/digital_lock_0/inst/digital_lock_v1_0_S00_AXI_inst/digital_lock_inst/p_0_in_0                                                              |                1 |              8 |         8.00 |
|  digital_lock_bd_rf_i/processing_system7_0/inst/FCLK_CLK0 | digital_lock_bd_rf_i/digital_lock_0/inst/digital_lock_v1_0_S00_AXI_inst/slv_reg12[31]_i_1_n_0                                                                            | digital_lock_bd_rf_i/digital_lock_0/inst/digital_lock_v1_0_S00_AXI_inst/digital_lock_inst/p_0_in_0                                                              |                2 |              8 |         4.00 |
|  digital_lock_bd_rf_i/processing_system7_0/inst/FCLK_CLK0 | digital_lock_bd_rf_i/digital_lock_0/inst/digital_lock_v1_0_S00_AXI_inst/slv_reg10[15]_i_1_n_0                                                                            | digital_lock_bd_rf_i/digital_lock_0/inst/digital_lock_v1_0_S00_AXI_inst/digital_lock_inst/p_0_in_0                                                              |                1 |              8 |         8.00 |
|  digital_lock_bd_rf_i/processing_system7_0/inst/FCLK_CLK0 | digital_lock_bd_rf_i/digital_lock_0/inst/digital_lock_v1_0_S00_AXI_inst/slv_reg11[7]_i_1_n_0                                                                             | digital_lock_bd_rf_i/digital_lock_0/inst/digital_lock_v1_0_S00_AXI_inst/digital_lock_inst/p_0_in_0                                                              |                3 |              8 |         2.67 |
|  digital_lock_bd_rf_i/processing_system7_0/inst/FCLK_CLK0 | digital_lock_bd_rf_i/digital_lock_0/inst/digital_lock_v1_0_S00_AXI_inst/slv_reg12[7]_i_1_n_0                                                                             | digital_lock_bd_rf_i/digital_lock_0/inst/digital_lock_v1_0_S00_AXI_inst/digital_lock_inst/p_0_in_0                                                              |                1 |              8 |         8.00 |
|  digital_lock_bd_rf_i/processing_system7_0/inst/FCLK_CLK0 | digital_lock_bd_rf_i/digital_lock_0/inst/digital_lock_v1_0_S00_AXI_inst/slv_reg9[15]_i_1_n_0                                                                             | digital_lock_bd_rf_i/digital_lock_0/inst/digital_lock_v1_0_S00_AXI_inst/digital_lock_inst/p_0_in_0                                                              |                2 |              8 |         4.00 |
|  digital_lock_bd_rf_i/processing_system7_0/inst/FCLK_CLK0 | digital_lock_bd_rf_i/digital_lock_0/inst/digital_lock_v1_0_S00_AXI_inst/slv_reg8[7]_i_1_n_0                                                                              | digital_lock_bd_rf_i/digital_lock_0/inst/digital_lock_v1_0_S00_AXI_inst/digital_lock_inst/p_0_in_0                                                              |                2 |              8 |         4.00 |
|  digital_lock_bd_rf_i/processing_system7_0/inst/FCLK_CLK0 | digital_lock_bd_rf_i/digital_lock_0/inst/digital_lock_v1_0_S00_AXI_inst/slv_reg8[15]_i_1_n_0                                                                             | digital_lock_bd_rf_i/digital_lock_0/inst/digital_lock_v1_0_S00_AXI_inst/digital_lock_inst/p_0_in_0                                                              |                2 |              8 |         4.00 |
|  digital_lock_bd_rf_i/processing_system7_0/inst/FCLK_CLK0 | digital_lock_bd_rf_i/digital_lock_0/inst/digital_lock_v1_0_S00_AXI_inst/slv_reg9[7]_i_1_n_0                                                                              | digital_lock_bd_rf_i/digital_lock_0/inst/digital_lock_v1_0_S00_AXI_inst/digital_lock_inst/p_0_in_0                                                              |                3 |              8 |         2.67 |
|  digital_lock_bd_rf_i/processing_system7_0/inst/FCLK_CLK0 | digital_lock_bd_rf_i/digital_lock_0/inst/digital_lock_v1_0_S00_AXI_inst/slv_reg5[23]_i_1_n_0                                                                             | digital_lock_bd_rf_i/digital_lock_0/inst/digital_lock_v1_0_S00_AXI_inst/digital_lock_inst/p_0_in_0                                                              |                2 |              8 |         4.00 |
|  digital_lock_bd_rf_i/processing_system7_0/inst/FCLK_CLK0 | digital_lock_bd_rf_i/digital_lock_0/inst/digital_lock_v1_0_S00_AXI_inst/slv_reg7[31]_i_1_n_0                                                                             | digital_lock_bd_rf_i/digital_lock_0/inst/digital_lock_v1_0_S00_AXI_inst/digital_lock_inst/p_0_in_0                                                              |                2 |              8 |         4.00 |
|  digital_lock_bd_rf_i/processing_system7_0/inst/FCLK_CLK0 | digital_lock_bd_rf_i/digital_lock_0/inst/digital_lock_v1_0_S00_AXI_inst/slv_reg6[31]_i_1_n_0                                                                             | digital_lock_bd_rf_i/digital_lock_0/inst/digital_lock_v1_0_S00_AXI_inst/digital_lock_inst/p_0_in_0                                                              |                5 |              8 |         1.60 |
|  digital_lock_bd_rf_i/processing_system7_0/inst/FCLK_CLK0 | digital_lock_bd_rf_i/digital_lock_0/inst/digital_lock_v1_0_S00_AXI_inst/slv_reg8[31]_i_1_n_0                                                                             | digital_lock_bd_rf_i/digital_lock_0/inst/digital_lock_v1_0_S00_AXI_inst/digital_lock_inst/p_0_in_0                                                              |                1 |              8 |         8.00 |
|  digital_lock_bd_rf_i/processing_system7_0/inst/FCLK_CLK0 | digital_lock_bd_rf_i/digital_lock_0/inst/digital_lock_v1_0_S00_AXI_inst/slv_reg8[23]_i_1_n_0                                                                             | digital_lock_bd_rf_i/digital_lock_0/inst/digital_lock_v1_0_S00_AXI_inst/digital_lock_inst/p_0_in_0                                                              |                2 |              8 |         4.00 |
|  digital_lock_bd_rf_i/processing_system7_0/inst/FCLK_CLK0 | digital_lock_bd_rf_i/digital_lock_0/inst/digital_lock_v1_0_S00_AXI_inst/slv_reg9[23]_i_1_n_0                                                                             | digital_lock_bd_rf_i/digital_lock_0/inst/digital_lock_v1_0_S00_AXI_inst/digital_lock_inst/p_0_in_0                                                              |                2 |              8 |         4.00 |
|  digital_lock_bd_rf_i/processing_system7_0/inst/FCLK_CLK0 | digital_lock_bd_rf_i/digital_lock_0/inst/digital_lock_v1_0_S00_AXI_inst/slv_reg9[31]_i_1_n_0                                                                             | digital_lock_bd_rf_i/digital_lock_0/inst/digital_lock_v1_0_S00_AXI_inst/digital_lock_inst/p_0_in_0                                                              |                2 |              8 |         4.00 |
|  digital_lock_bd_rf_i/processing_system7_0/inst/FCLK_CLK0 |                                                                                                                                                                          | digital_lock_bd_rf_i/ps7_0_axi_periph/s00_couplers/auto_pc/inst/gen_axilite.gen_b2s_conv.axilite_b2s/areset_d1                                                  |                4 |             10 |         2.50 |
|  digital_lock_bd_rf_i/processing_system7_0/inst/FCLK_CLK0 |                                                                                                                                                                          | digital_lock_bd_rf_i/digital_lock_0/inst/digital_lock_v1_0_S00_AXI_inst/digital_lock_inst/seq_count                                                             |                3 |             11 |         3.67 |
|  digital_lock_bd_rf_i/processing_system7_0/inst/FCLK_CLK0 | digital_lock_bd_rf_i/digital_lock_0/inst/digital_lock_v1_0_S00_AXI_inst/slv_reg5[0]_i_1_n_0                                                                              | digital_lock_bd_rf_i/digital_lock_0/inst/digital_lock_v1_0_S00_AXI_inst/digital_lock_inst/p_0_in_0                                                              |                4 |             11 |         2.75 |
|  digital_lock_bd_rf_i/processing_system7_0/inst/FCLK_CLK0 | digital_lock_bd_rf_i/digital_lock_0/inst/digital_lock_v1_0_S00_AXI_inst/slv_reg4[3]_i_2_n_0                                                                              | digital_lock_bd_rf_i/digital_lock_0/inst/digital_lock_v1_0_S00_AXI_inst/digital_lock_inst/p_0_in_0                                                              |                4 |             12 |         3.00 |
|  digital_lock_bd_rf_i/processing_system7_0/inst/FCLK_CLK0 | digital_lock_bd_rf_i/ps7_0_axi_periph/s00_couplers/auto_pc/inst/gen_axilite.gen_b2s_conv.axilite_b2s/RD.r_channel_0/r_push_r                                             |                                                                                                                                                                 |                4 |             13 |         3.25 |
|  digital_lock_bd_rf_i/processing_system7_0/inst/FCLK_CLK0 | digital_lock_bd_rf_i/ps7_0_axi_periph/s00_couplers/auto_pc/inst/gen_axilite.gen_b2s_conv.axilite_b2s/SI_REG/b.b_pipe/p_1_in                                              |                                                                                                                                                                 |                4 |             14 |         3.50 |
|  digital_lock_bd_rf_i/processing_system7_0/inst/FCLK_CLK0 | digital_lock_bd_rf_i/ps7_0_axi_periph/s00_couplers/auto_pc/inst/gen_axilite.gen_b2s_conv.axilite_b2s/SI_REG/b.b_pipe/s_ready_i_reg_0                                     |                                                                                                                                                                 |                4 |             14 |         3.50 |
|  digital_lock_bd_rf_i/processing_system7_0/inst/FCLK_CLK0 | digital_lock_bd_rf_i/ps7_0_axi_periph/s00_couplers/auto_pc/inst/gen_axilite.gen_b2s_conv.axilite_b2s/WR.aw_channel_0/aw_cmd_fsm_0/m_axi_awready_0                        |                                                                                                                                                                 |                3 |             16 |         5.33 |
|  digital_lock_bd_rf_i/processing_system7_0/inst/FCLK_CLK0 | digital_lock_bd_rf_i/ps7_0_axi_periph/s00_couplers/auto_pc/inst/gen_axilite.gen_b2s_conv.axilite_b2s/RD.ar_channel_0/ar_cmd_fsm_0/m_axi_arready_2                        |                                                                                                                                                                 |                7 |             17 |         2.43 |
|  digital_lock_bd_rf_i/processing_system7_0/inst/FCLK_CLK0 | digital_lock_bd_rf_i/ps7_0_axi_periph/s00_couplers/auto_pc/inst/gen_axilite.gen_b2s_conv.axilite_b2s/WR.aw_channel_0/aw_cmd_fsm_0/FSM_sequential_state_reg[0]_1          |                                                                                                                                                                 |                8 |             20 |         2.50 |
|  digital_lock_bd_rf_i/processing_system7_0/inst/FCLK_CLK0 |                                                                                                                                                                          | digital_lock_bd_rf_i/digital_lock_0/inst/digital_lock_v1_0_S00_AXI_inst/digital_lock_inst/dbnc_cnt_2[0]_i_1_n_0                                                 |                6 |             21 |         3.50 |
|  digital_lock_bd_rf_i/processing_system7_0/inst/FCLK_CLK0 |                                                                                                                                                                          | digital_lock_bd_rf_i/digital_lock_0/inst/digital_lock_v1_0_S00_AXI_inst/digital_lock_inst/dbnc_cnt_3[0]_i_1_n_0                                                 |                6 |             21 |         3.50 |
|  digital_lock_bd_rf_i/processing_system7_0/inst/FCLK_CLK0 |                                                                                                                                                                          | digital_lock_bd_rf_i/digital_lock_0/inst/digital_lock_v1_0_S00_AXI_inst/digital_lock_inst/dbnc_cnt_1[0]_i_1_n_0                                                 |                6 |             21 |         3.50 |
|  digital_lock_bd_rf_i/processing_system7_0/inst/FCLK_CLK0 |                                                                                                                                                                          | digital_lock_bd_rf_i/digital_lock_0/inst/digital_lock_v1_0_S00_AXI_inst/digital_lock_inst/dbnc_cnt_0[0]_i_1_n_0                                                 |                6 |             21 |         3.50 |
|  digital_lock_bd_rf_i/processing_system7_0/inst/FCLK_CLK0 | digital_lock_bd_rf_i/ps7_0_axi_periph/s00_couplers/auto_pc/inst/gen_axilite.gen_b2s_conv.axilite_b2s/WR.aw_channel_0/aw_cmd_fsm_0/E[0]                                   |                                                                                                                                                                 |                7 |             28 |         4.00 |
|  digital_lock_bd_rf_i/processing_system7_0/inst/FCLK_CLK0 | digital_lock_bd_rf_i/ps7_0_axi_periph/s00_couplers/auto_pc/inst/gen_axilite.gen_b2s_conv.axilite_b2s/SI_REG/ar.ar_pipe/s_ready_i_reg_0                                   |                                                                                                                                                                 |                6 |             28 |         4.67 |
|  digital_lock_bd_rf_i/processing_system7_0/inst/FCLK_CLK0 | digital_lock_bd_rf_i/ps7_0_axi_periph/s00_couplers/auto_pc/inst/gen_axilite.gen_b2s_conv.axilite_b2s/SI_REG/aw.aw_pipe/s_ready_i_reg_0                                   |                                                                                                                                                                 |                6 |             28 |         4.67 |
|  digital_lock_bd_rf_i/processing_system7_0/inst/FCLK_CLK0 | digital_lock_bd_rf_i/ps7_0_axi_periph/s00_couplers/auto_pc/inst/gen_axilite.gen_b2s_conv.axilite_b2s/RD.ar_channel_0/ar_cmd_fsm_0/m_valid_i_reg[0]                       |                                                                                                                                                                 |                6 |             28 |         4.67 |
|  digital_lock_bd_rf_i/processing_system7_0/inst/FCLK_CLK0 | digital_lock_bd_rf_i/ps7_0_axi_periph/s00_couplers/auto_pc/inst/gen_axilite.gen_b2s_conv.axilite_b2s/RD.r_channel_0/rd_data_fifo_0/wr_en0                                |                                                                                                                                                                 |                8 |             32 |         4.00 |
|  digital_lock_bd_rf_i/processing_system7_0/inst/FCLK_CLK0 | digital_lock_bd_rf_i/digital_lock_0/inst/digital_lock_v1_0_S00_AXI_inst/slv_reg_rden                                                                                     | digital_lock_bd_rf_i/digital_lock_0/inst/digital_lock_v1_0_S00_AXI_inst/digital_lock_inst/p_0_in_0                                                              |               18 |             32 |         1.78 |
|  digital_lock_bd_rf_i/processing_system7_0/inst/FCLK_CLK0 | digital_lock_bd_rf_i/ps7_0_axi_periph/s00_couplers/auto_pc/inst/gen_axilite.gen_b2s_conv.axilite_b2s/SI_REG/r.r_pipe/p_1_in                                              |                                                                                                                                                                 |                9 |             45 |         5.00 |
|  digital_lock_bd_rf_i/processing_system7_0/inst/FCLK_CLK0 | digital_lock_bd_rf_i/ps7_0_axi_periph/s00_couplers/auto_pc/inst/gen_axilite.gen_b2s_conv.axilite_b2s/SI_REG/r.r_pipe/s_ready_i_reg_0                                     |                                                                                                                                                                 |                9 |             45 |         5.00 |
|  digital_lock_bd_rf_i/processing_system7_0/inst/FCLK_CLK0 |                                                                                                                                                                          | digital_lock_bd_rf_i/digital_lock_0/inst/digital_lock_v1_0_S00_AXI_inst/digital_lock_inst/p_0_in_0                                                              |               11 |             47 |         4.27 |
|  digital_lock_bd_rf_i/processing_system7_0/inst/FCLK_CLK0 |                                                                                                                                                                          |                                                                                                                                                                 |               36 |            119 |         3.31 |
+-----------------------------------------------------------+--------------------------------------------------------------------------------------------------------------------------------------------------------------------------+-----------------------------------------------------------------------------------------------------------------------------------------------------------------+------------------+----------------+--------------+


